  MyForm.cpp
c:\users\user\documents\visual studio 2015\projects\nastya\nastya\md5.h(328): warning C4996: 'sprintf': This function or variable may be unsafe. Consider using sprintf_s instead. To disable deprecation, use _CRT_SECURE_NO_WARNINGS. See online help for details.
  C:\Program Files (x86)\Windows Kits\10\Include\10.0.10240.0\ucrt\stdio.h(1769): note:  см. объявление "sprintf"
c:\users\user\documents\visual studio 2015\projects\nastya\nastya\md5.h(351): warning C4996: 'fopen': This function or variable may be unsafe. Consider using fopen_s instead. To disable deprecation, use _CRT_SECURE_NO_WARNINGS. See online help for details.
  C:\Program Files (x86)\Windows Kits\10\Include\10.0.10240.0\ucrt\stdio.h(205): note:  см. объявление "fopen"
c:\users\user\documents\visual studio 2015\projects\nastya\nastya\rsa.h(15): warning C4244: аргумент: преобразование "time_t" в "unsigned int", возможна потеря данных
c:\users\user\documents\visual studio 2015\projects\nastya\nastya\rsa.h(71): warning C4244: аргумент: преобразование "ll" в "unsigned int", возможна потеря данных
c:\users\user\documents\visual studio 2015\projects\nastya\nastya\rsa.h(74): warning C4244: аргумент: преобразование "ll" в "unsigned int", возможна потеря данных
c:\users\user\documents\visual studio 2015\projects\nastya\nastya\rsa.h(107): warning C4244: аргумент: преобразование "ll" в "unsigned int", возможна потеря данных
c:\users\user\documents\visual studio 2015\projects\nastya\nastya\rsa.h(108): warning C4244: аргумент: преобразование "ll" в "unsigned int", возможна потеря данных
c:\users\user\documents\visual studio 2015\projects\nastya\nastya\rsa.h(110): warning C4244: аргумент: преобразование "ll" в "unsigned int", возможна потеря данных
c:\users\user\documents\visual studio 2015\projects\nastya\nastya\rsa.h(130): warning C4244: аргумент: преобразование "ll" в "unsigned int", возможна потеря данных
c:\users\user\documents\visual studio 2015\projects\nastya\nastya\rsa.h(131): warning C4244: аргумент: преобразование "ll" в "unsigned int", возможна потеря данных
c:\users\user\documents\visual studio 2015\projects\nastya\nastya\rsa.h(136): warning C4244: аргумент: преобразование "__int64" в "int", возможна потеря данных
c:\users\user\documents\visual studio 2015\projects\nastya\nastya\rsa.h(142): warning C4244: аргумент: преобразование "ll" в "unsigned int", возможна потеря данных
c:\users\user\documents\visual studio 2015\projects\nastya\nastya\MyForm.h(86): warning C4996: 'localtime': This function or variable may be unsafe. Consider using localtime_s instead. To disable deprecation, use _CRT_SECURE_NO_WARNINGS. See online help for details.
  C:\Program Files (x86)\Windows Kits\10\Include\10.0.10240.0\ucrt\time.h(505): note:  см. объявление "localtime"
  BigInteger.obj : /DEBUG:FASTLINK не поддерживается, если присутствует управляемый код; выполняется перезапуск компоновки с /DEBUG:FULL
  nastya.vcxproj -> C:\Users\user\Documents\Visual Studio 2015\Projects\nastya\Debug\nastya.exe
  nastya.vcxproj -> C:\Users\user\Documents\Visual Studio 2015\Projects\nastya\Debug\nastya.pdb (Partial PDB)
